c:\users\ceren\desktop\staj-1\appoıntmentbook\appoıntmentbook\debug\vc140.pdb
c:\users\ceren\desktop\staj-1\appoıntmentbook\appoıntmentbook\debug\vc140.ıdb
c:\users\ceren\desktop\staj-1\appoıntmentbook\appoıntmentbook\debug\appoıntment.obj
c:\users\ceren\desktop\staj-1\appoıntmentbook\appoıntmentbook\debug\appoıntmentbookapp.obj
c:\users\ceren\desktop\staj-1\appoıntmentbook\appoıntmentbook\debug\daıly.obj
c:\users\ceren\desktop\staj-1\appoıntmentbook\appoıntmentbook\debug\date.obj
c:\users\ceren\desktop\staj-1\appoıntmentbook\appoıntmentbook\debug\monthly.obj
c:\users\ceren\desktop\staj-1\appoıntmentbook\appoıntmentbook\debug\onetıme.obj
c:\users\ceren\desktop\staj-1\appoıntmentbook\appoıntmentbook\debug\yearly.obj
c:\users\ceren\desktop\staj-1\appoıntmentbook\debug\appoıntmentbook.ılk
c:\users\ceren\desktop\staj-1\appoıntmentbook\debug\appoıntmentbook.exe
c:\users\ceren\desktop\staj-1\appoıntmentbook\debug\appoıntmentbook.pdb
c:\users\ceren\desktop\staj-1\appointmentbook\appointmentbook\debug\appointment.obj
c:\users\ceren\desktop\staj-1\appointmentbook\appointmentbook\debug\appointmentbookapp.obj
c:\users\ceren\desktop\staj-1\appointmentbook\appointmentbook\debug\daily.obj
c:\users\ceren\desktop\staj-1\appointmentbook\appointmentbook\debug\date.obj
c:\users\ceren\desktop\staj-1\appointmentbook\appointmentbook\debug\monthly.obj
c:\users\ceren\desktop\staj-1\appointmentbook\appointmentbook\debug\onetime.obj
c:\users\ceren\desktop\staj-1\appointmentbook\appointmentbook\debug\yearly.obj
c:\users\ceren\desktop\staj-1\appointmentbook\appointmentbook\debug\vc140.idb
c:\users\ceren\desktop\staj-1\appointmentbook\appointmentbook\debug\vc140.pdb
c:\users\ceren\desktop\staj-1\appointmentbook\debug\appointmentbook.pdb
c:\users\ceren\desktop\staj-1\appointmentbook\debug\appointmentbook.exe
c:\users\ceren\desktop\staj-1\appointmentbook\debug\appointmentbook.ilk
c:\users\ceren\desktop\staj-1\appointmentbook\appointmentbook\debug\appointmentbook.tlog\cl.command.1.tlog
c:\users\ceren\desktop\staj-1\appointmentbook\appointmentbook\debug\appointmentbook.tlog\cl.read.1.tlog
c:\users\ceren\desktop\staj-1\appointmentbook\appointmentbook\debug\appointmentbook.tlog\cl.write.1.tlog
c:\users\ceren\desktop\staj-1\appointmentbook\appointmentbook\debug\appointmentbook.tlog\link.command.1.tlog
c:\users\ceren\desktop\staj-1\appointmentbook\appointmentbook\debug\appointmentbook.tlog\link.read.1.tlog
c:\users\ceren\desktop\staj-1\appointmentbook\appointmentbook\debug\appointmentbook.tlog\link.write.1.tlog
